[INFO] Scanning for projects...
[INFO] 
[INFO] --------------< com.example:multisrc-temporal-reasoning >---------------
[INFO] Building multisrc-temporal-reasoning 0.0.1-SNAPSHOT
[INFO]   from pom.xml
[INFO] --------------------------------[ jar ]---------------------------------
[INFO] 
[INFO] --- clean:3.3.2:clean (default-clean) @ multisrc-temporal-reasoning ---
[INFO] 
[INFO] --- resources:3.3.1:resources (default-resources) @ multisrc-temporal-reasoning ---
[INFO] Copying 1 resource from src/main/resources to target/classes
[INFO] Copying 0 resource from src/main/resources to target/classes
[INFO] 
[INFO] --- compiler:3.11.0:compile (default-compile) @ multisrc-temporal-reasoning ---
[INFO] Changes detected - recompiling the module! :source
[INFO] Compiling 5 source files with javac [debug release 17] to target/classes
[INFO] 
[INFO] --- resources:3.3.1:testResources (default-testResources) @ multisrc-temporal-reasoning ---
[INFO] skip non existing resourceDirectory /Users/praneemishi/ramesh/paper-code/MultiSrcTemporalReasoning/src/test/resources
[INFO] 
[INFO] --- compiler:3.11.0:testCompile (default-testCompile) @ multisrc-temporal-reasoning ---
[INFO] Changes detected - recompiling the module! :dependency
[INFO] Compiling 1 source file with javac [debug release 17] to target/test-classes
[INFO] 
[INFO] --- surefire:3.1.2:test (default-test) @ multisrc-temporal-reasoning ---
[INFO] Using auto detected provider org.apache.maven.surefire.junitplatform.JUnitPlatformProvider
[INFO] 
[INFO] -------------------------------------------------------
[INFO]  T E S T S
[INFO] -------------------------------------------------------
[INFO] Running com.example.multisrc.controller.AccountControllerTest
[INFO] Tests run: 1, Failures: 0, Errors: 0, Skipped: 0, Time elapsed: 0.039 s -- in com.example.multisrc.controller.AccountControllerTest
[INFO] 
[INFO] Results:
[INFO] 
[INFO] Tests run: 1, Failures: 0, Errors: 0, Skipped: 0
[INFO] 
[INFO] 
[INFO] --- jar:3.3.0:jar (default-jar) @ multisrc-temporal-reasoning ---
[INFO] Building jar: /Users/praneemishi/ramesh/paper-code/MultiSrcTemporalReasoning/target/multisrc-temporal-reasoning-0.0.1-SNAPSHOT.jar
[INFO] 
[INFO] --- spring-boot:3.2.5:repackage (repackage) @ multisrc-temporal-reasoning ---
[INFO] Replacing main artifact /Users/praneemishi/ramesh/paper-code/MultiSrcTemporalReasoning/target/multisrc-temporal-reasoning-0.0.1-SNAPSHOT.jar with repackaged archive, adding nested dependencies in BOOT-INF/.
[INFO] The original artifact has been renamed to /Users/praneemishi/ramesh/paper-code/MultiSrcTemporalReasoning/target/multisrc-temporal-reasoning-0.0.1-SNAPSHOT.jar.original
[INFO] ------------------------------------------------------------------------
[INFO] BUILD SUCCESS
[INFO] ------------------------------------------------------------------------
[INFO] Total time:  3.413 s
[INFO] Finished at: 2026-03-29T16:24:49-05:00
[INFO] ------------------------------------------------------------------------
